Copyright 1986-2022 Xilinx, Inc. All Rights Reserved. Copyright 2022-2024 Advanced Micro Devices, Inc. All Rights Reserved.
---------------------------------------------------------------------------------------------------------------------------------------------
| Tool Version : Vivado v.2024.2 (win64) Build 5239630 Fri Nov 08 22:35:27 MST 2024
| Date         : Sun May  3 10:36:09 2026
| Host         : DESKTOP-9DGSO65 running 64-bit major release  (build 9200)
| Command      : report_timing_summary -file C:/Users/Megha/Vivado/timing_cfg2_wide.rpt
| Design       : refresh_scheduler_top
| Device       : 7k70t-fbv676
| Speed File   : -1  PRODUCTION 1.12 2017-02-17
| Design State : Synthesized
---------------------------------------------------------------------------------------------------------------------------------------------

Timing Summary Report

------------------------------------------------------------------------------------------------
| Timer Settings
| --------------
------------------------------------------------------------------------------------------------

  Enable Multi Corner Analysis               :  Yes
  Enable Pessimism Removal                   :  Yes
  Pessimism Removal Resolution               :  Nearest Common Node
  Enable Input Delay Default Clock           :  No
  Enable Preset / Clear Arcs                 :  No
  Disable Flight Delays                      :  No
  Ignore I/O Paths                           :  No
  Timing Early Launch at Borrowing Latches   :  No
  Borrow Time for Max Delay Exceptions       :  Yes
  Merge Timing Exceptions                    :  Yes
  Inter-SLR Compensation                     :  Conservative

  Corner  Analyze    Analyze    
  Name    Max Paths  Min Paths  
  ------  ---------  ---------  
  Slow    Yes        Yes        
  Fast    Yes        Yes        


------------------------------------------------------------------------------------------------
| Report Methodology
| ------------------
------------------------------------------------------------------------------------------------

No report available as report_methodology has not been run prior. Run report_methodology on the current design for the summary of methodology violations.



check_timing report

Table of Contents
-----------------
1. checking no_clock (0)
2. checking constant_clock (0)
3. checking pulse_width_clock (0)
4. checking unconstrained_internal_endpoints (0)
5. checking no_input_delay (77)
6. checking no_output_delay (65)
7. checking multiple_clock (0)
8. checking generated_clocks (0)
9. checking loops (0)
10. checking partial_input_delay (0)
11. checking partial_output_delay (0)
12. checking latch_loops (0)

1. checking no_clock (0)
------------------------
 There are 0 register/latch pins with no clock.


2. checking constant_clock (0)
------------------------------
 There are 0 register/latch pins with constant_clock.


3. checking pulse_width_clock (0)
---------------------------------
 There are 0 register/latch pins which need pulse_width check


4. checking unconstrained_internal_endpoints (0)
------------------------------------------------
 There are 0 pins that are not constrained for maximum delay.

 There are 0 pins that are not constrained for maximum delay due to constant clock.


5. checking no_input_delay (77)
-------------------------------
 There are 77 input ports with no input delay specified. (HIGH)

 There are 0 input ports with no input delay but user has a false path constraint.


6. checking no_output_delay (65)
--------------------------------
 There are 65 ports with no output delay specified. (HIGH)

 There are 0 ports with no output delay but user has a false path constraint

 There are 0 ports with no output delay but with a timing clock defined on it or propagating through it


7. checking multiple_clock (0)
------------------------------
 There are 0 register/latch pins with multiple clocks.


8. checking generated_clocks (0)
--------------------------------
 There are 0 generated clocks that are not connected to a clock source.


9. checking loops (0)
---------------------
 There are 0 combinational loops in the design.


10. checking partial_input_delay (0)
------------------------------------
 There are 0 input ports with partial input delay specified.


11. checking partial_output_delay (0)
-------------------------------------
 There are 0 ports with partial output delay specified.


12. checking latch_loops (0)
----------------------------
 There are 0 combinational latch loops in the design through latch input



------------------------------------------------------------------------------------------------
| Design Timing Summary
| ---------------------
------------------------------------------------------------------------------------------------

    WNS(ns)      TNS(ns)  TNS Failing Endpoints  TNS Total Endpoints      WHS(ns)      THS(ns)  THS Failing Endpoints  THS Total Endpoints     WPWS(ns)     TPWS(ns)  TPWS Failing Endpoints  TPWS Total Endpoints  
    -------      -------  ---------------------  -------------------      -------      -------  ---------------------  -------------------     --------     --------  ----------------------  --------------------  
      7.621        0.000                      0                  111        0.066        0.000                      0                  111        4.650        0.000                       0                   207  


All user specified timing constraints are met.


------------------------------------------------------------------------------------------------
| Clock Summary
| -------------
------------------------------------------------------------------------------------------------

Clock  Waveform(ns)       Period(ns)      Frequency(MHz)
-----  ------------       ----------      --------------
PCLK   {0.000 5.000}      10.000          100.000         


------------------------------------------------------------------------------------------------
| Intra Clock Table
| -----------------
------------------------------------------------------------------------------------------------

Clock             WNS(ns)      TNS(ns)  TNS Failing Endpoints  TNS Total Endpoints      WHS(ns)      THS(ns)  THS Failing Endpoints  THS Total Endpoints     WPWS(ns)     TPWS(ns)  TPWS Failing Endpoints  TPWS Total Endpoints  
-----             -------      -------  ---------------------  -------------------      -------      -------  ---------------------  -------------------     --------     --------  ----------------------  --------------------  
PCLK                7.621        0.000                      0                  111        0.066        0.000                      0                  111        4.650        0.000                       0                   207  


------------------------------------------------------------------------------------------------
| Inter Clock Table
| -----------------
------------------------------------------------------------------------------------------------

From Clock    To Clock          WNS(ns)      TNS(ns)  TNS Failing Endpoints  TNS Total Endpoints      WHS(ns)      THS(ns)  THS Failing Endpoints  THS Total Endpoints  
----------    --------          -------      -------  ---------------------  -------------------      -------      -------  ---------------------  -------------------  


------------------------------------------------------------------------------------------------
| Other Path Groups Table
| -----------------------
------------------------------------------------------------------------------------------------

Path Group    From Clock    To Clock          WNS(ns)      TNS(ns)  TNS Failing Endpoints  TNS Total Endpoints      WHS(ns)      THS(ns)  THS Failing Endpoints  THS Total Endpoints  
----------    ----------    --------          -------      -------  ---------------------  -------------------      -------      -------  ---------------------  -------------------  


------------------------------------------------------------------------------------------------
| Timing Details
| --------------
------------------------------------------------------------------------------------------------


---------------------------------------------------------------------------------------------------
From Clock:  PCLK
  To Clock:  PCLK

Setup :            0  Failing Endpoints,  Worst Slack        7.621ns,  Total Violation        0.000ns
Hold  :            0  Failing Endpoints,  Worst Slack        0.066ns,  Total Violation        0.000ns
PW    :            0  Failing Endpoints,  Worst Slack        4.650ns,  Total Violation        0.000ns
---------------------------------------------------------------------------------------------------


Max Delay Paths
--------------------------------------------------------------------------------------
Slack (MET) :             7.621ns  (required time - arrival time)
  Source:                 u_timer/refresh_counter_reg[4]/C
                            (rising edge-triggered cell FDCE clocked by PCLK  {rise@0.000ns fall@5.000ns period=10.000ns})
  Destination:            u_timer/refresh_counter_reg[31]/D
                            (rising edge-triggered cell FDCE clocked by PCLK  {rise@0.000ns fall@5.000ns period=10.000ns})
  Path Group:             PCLK
  Path Type:              Setup (Max at Slow Process Corner)
  Requirement:            10.000ns  (PCLK rise@10.000ns - PCLK rise@0.000ns)
  Data Path Delay:        2.236ns  (logic 1.298ns (58.050%)  route 0.938ns (41.950%))
  Logic Levels:           9  (CARRY4=8 LUT3=1)
  Clock Path Skew:        -0.145ns (DCD - SCD + CPR)
    Destination Clock Delay (DCD):    1.860ns = ( 11.860 - 10.000 ) 
    Source Clock Delay      (SCD):    2.117ns
    Clock Pessimism Removal (CPR):    0.112ns
  Clock Uncertainty:      0.035ns  ((TSJ^2 + TIJ^2)^1/2 + DJ) / 2 + PE
    Total System Jitter     (TSJ):    0.071ns
    Total Input Jitter      (TIJ):    0.000ns
    Discrete Jitter          (DJ):    0.000ns
    Phase Error              (PE):    0.000ns

    Location             Delay type                Incr(ns)  Path(ns)    Netlist Resource(s)
  -------------------------------------------------------------------    -------------------
                         (clock PCLK rise edge)       0.000     0.000 r  
                                                      0.000     0.000 r  PCLK (IN)
                         net (fo=0)                   0.000     0.000    PCLK
                         IBUF (Prop_ibuf_I_O)         0.830     0.830 r  PCLK_IBUF_inst/O
                         net (fo=1, unplaced)         0.584     1.413    PCLK_IBUF
                         BUFG (Prop_bufg_I_O)         0.120     1.533 r  PCLK_IBUF_BUFG_inst/O
                         net (fo=206, unplaced)       0.584     2.117    u_timer/CLK
                         FDCE                                         r  u_timer/refresh_counter_reg[4]/C
  -------------------------------------------------------------------    -------------------
                         FDCE (Prop_fdce_C_Q)         0.269     2.386 r  u_timer/refresh_counter_reg[4]/Q
                         net (fo=3, unplaced)         0.599     2.985    u_timer/Q[4]
                         CARRY4 (Prop_carry4_S[3]_CO[3])
                                                      0.369     3.354 r  u_timer/refresh_counter0_carry/CO[3]
                         net (fo=1, unplaced)         0.000     3.354    u_timer/refresh_counter0_carry_n_0
                         CARRY4 (Prop_carry4_CI_CO[3])
                                                      0.060     3.414 r  u_timer/refresh_counter0_carry__0/CO[3]
                         net (fo=1, unplaced)         0.000     3.414    u_timer/refresh_counter0_carry__0_n_0
                         CARRY4 (Prop_carry4_CI_CO[3])
                                                      0.060     3.474 r  u_timer/refresh_counter0_carry__1/CO[3]
                         net (fo=1, unplaced)         0.000     3.474    u_timer/refresh_counter0_carry__1_n_0
                         CARRY4 (Prop_carry4_CI_CO[3])
                                                      0.060     3.534 r  u_timer/refresh_counter0_carry__2/CO[3]
                         net (fo=1, unplaced)         0.000     3.534    u_timer/refresh_counter0_carry__2_n_0
                         CARRY4 (Prop_carry4_CI_CO[3])
                                                      0.060     3.594 r  u_timer/refresh_counter0_carry__3/CO[3]
                         net (fo=1, unplaced)         0.000     3.594    u_timer/refresh_counter0_carry__3_n_0
                         CARRY4 (Prop_carry4_CI_CO[3])
                                                      0.060     3.654 r  u_timer/refresh_counter0_carry__4/CO[3]
                         net (fo=1, unplaced)         0.000     3.654    u_timer/refresh_counter0_carry__4_n_0
                         CARRY4 (Prop_carry4_CI_CO[3])
                                                      0.060     3.714 r  u_timer/refresh_counter0_carry__5/CO[3]
                         net (fo=1, unplaced)         0.000     3.714    u_timer/refresh_counter0_carry__5_n_0
                         CARRY4 (Prop_carry4_CI_O[2])
                                                      0.145     3.859 r  u_timer/refresh_counter0_carry__6/O[2]
                         net (fo=1, unplaced)         0.339     4.198    u_timer/refresh_counter0[31]
                         LUT3 (Prop_lut3_I2_O)        0.155     4.353 r  u_timer/refresh_counter[31]_i_1/O
                         net (fo=1, unplaced)         0.000     4.353    u_timer/refresh_counter[31]_i_1_n_0
                         FDCE                                         r  u_timer/refresh_counter_reg[31]/D
  -------------------------------------------------------------------    -------------------

                         (clock PCLK rise edge)      10.000    10.000 r  
                                                      0.000    10.000 r  PCLK (IN)
                         net (fo=0)                   0.000    10.000    PCLK
                         IBUF (Prop_ibuf_I_O)         0.754    10.754 r  PCLK_IBUF_inst/O
                         net (fo=1, unplaced)         0.554    11.308    PCLK_IBUF
                         BUFG (Prop_bufg_I_O)         0.113    11.421 r  PCLK_IBUF_BUFG_inst/O
                         net (fo=206, unplaced)       0.439    11.860    u_timer/CLK
                         FDCE                                         r  u_timer/refresh_counter_reg[31]/C
                         clock pessimism              0.112    11.972    
                         clock uncertainty           -0.035    11.937    
                         FDCE (Setup_fdce_C_D)        0.037    11.974    u_timer/refresh_counter_reg[31]
  -------------------------------------------------------------------
                         required time                         11.974    
                         arrival time                          -4.353    
  -------------------------------------------------------------------
                         slack                                  7.621    





Min Delay Paths
--------------------------------------------------------------------------------------
Slack (MET) :             0.066ns  (arrival time - required time)
  Source:                 u_fsm/timeout_counter_reg[2]/C
                            (rising edge-triggered cell FDCE clocked by PCLK  {rise@0.000ns fall@5.000ns period=10.000ns})
  Destination:            u_fsm/timeout_counter_reg[2]/D
                            (rising edge-triggered cell FDCE clocked by PCLK  {rise@0.000ns fall@5.000ns period=10.000ns})
  Path Group:             PCLK
  Path Type:              Hold (Min at Fast Process Corner)
  Requirement:            0.000ns  (PCLK rise@0.000ns - PCLK rise@0.000ns)
  Data Path Delay:        0.276ns  (logic 0.164ns (59.394%)  route 0.112ns (40.606%))
  Logic Levels:           1  (LUT6=1)
  Clock Path Skew:        0.145ns (DCD - SCD - CPR)
    Destination Clock Delay (DCD):    0.890ns
    Source Clock Delay      (SCD):    0.480ns
    Clock Pessimism Removal (CPR):    0.265ns

    Location             Delay type                Incr(ns)  Path(ns)    Netlist Resource(s)
  -------------------------------------------------------------------    -------------------
                         (clock PCLK rise edge)       0.000     0.000 r  
                                                      0.000     0.000 r  PCLK (IN)
                         net (fo=0)                   0.000     0.000    PCLK
                         IBUF (Prop_ibuf_I_O)         0.094     0.094 r  PCLK_IBUF_inst/O
                         net (fo=1, unplaced)         0.246     0.340    PCLK_IBUF
                         BUFG (Prop_bufg_I_O)         0.026     0.366 r  PCLK_IBUF_BUFG_inst/O
                         net (fo=206, unplaced)       0.114     0.480    u_fsm/CLK
                         FDCE                                         r  u_fsm/timeout_counter_reg[2]/C
  -------------------------------------------------------------------    -------------------
                         FDCE (Prop_fdce_C_Q)         0.100     0.580 r  u_fsm/timeout_counter_reg[2]/Q
                         net (fo=4, unplaced)         0.112     0.692    u_fsm/timeout_counter_reg_n_0_[2]
                         LUT6 (Prop_lut6_I5_O)        0.064     0.756 r  u_fsm/timeout_counter[2]_i_1/O
                         net (fo=1, unplaced)         0.000     0.756    u_fsm/timeout_counter[2]
                         FDCE                                         r  u_fsm/timeout_counter_reg[2]/D
  -------------------------------------------------------------------    -------------------

                         (clock PCLK rise edge)       0.000     0.000 r  
                                                      0.000     0.000 r  PCLK (IN)
                         net (fo=0)                   0.000     0.000    PCLK
                         IBUF (Prop_ibuf_I_O)         0.342     0.342 r  PCLK_IBUF_inst/O
                         net (fo=1, unplaced)         0.259     0.601    PCLK_IBUF
                         BUFG (Prop_bufg_I_O)         0.030     0.631 r  PCLK_IBUF_BUFG_inst/O
                         net (fo=206, unplaced)       0.259     0.890    u_fsm/CLK
                         FDCE                                         r  u_fsm/timeout_counter_reg[2]/C
                         clock pessimism             -0.265     0.625    
                         FDCE (Hold_fdce_C_D)         0.065     0.690    u_fsm/timeout_counter_reg[2]
  -------------------------------------------------------------------
                         required time                         -0.690    
                         arrival time                           0.756    
  -------------------------------------------------------------------
                         slack                                  0.066    





Pulse Width Checks
--------------------------------------------------------------------------------------
Clock Name:         PCLK
Waveform(ns):       { 0.000 5.000 }
Period(ns):         10.000
Sources:            { PCLK }

Check Type        Corner  Lib Pin  Reference Pin  Required(ns)  Actual(ns)  Slack(ns)  Location  Pin
Min Period        n/a     BUFG/I   n/a            1.600         10.000      8.400                PCLK_IBUF_BUFG_inst/I
Low Pulse Width   Slow    FDCE/C   n/a            0.350         5.000       4.650                u_apb/control_reg_reg[0]/C
High Pulse Width  Slow    FDCE/C   n/a            0.350         5.000       4.650                u_apb/control_reg_reg[0]/C



